<?xml version="1.0" encoding="UTF-8"?>
<testng-results skipped="0" failed="0" total="3" passed="3">
  <reporter-output>
  </reporter-output>
  <suite name="Default suite" duration-ms="44" started-at="2016-02-12T21:35:03Z" finished-at="2016-02-12T21:35:03Z">
    <groups>
    </groups>
    <test name="Default test" duration-ms="44" started-at="2016-02-12T21:35:03Z" finished-at="2016-02-12T21:35:03Z">
      <class name="org.codingchallenge.AppTest">
        <test-method status="PASS" signature="getFollowTest()[pri:0, instance:org.codingchallenge.AppTest@7dcfcba6]" name="getFollowTest" duration-ms="19" started-at="2016-02-12T21:35:03Z" finished-at="2016-02-12T21:35:03Z">
          <reporter-output>
          </reporter-output>
        </test-method> <!-- getFollowTest -->
        <test-method status="PASS" signature="getSongsListenedTest()[pri:0, instance:org.codingchallenge.AppTest@7dcfcba6]" name="getSongsListenedTest" duration-ms="0" started-at="2016-02-12T21:35:03Z" finished-at="2016-02-12T21:35:03Z">
          <reporter-output>
          </reporter-output>
        </test-method> <!-- getSongsListenedTest -->
        <test-method status="PASS" signature="storeDataTest()[pri:0, instance:org.codingchallenge.AppTest@7dcfcba6]" name="storeDataTest" duration-ms="0" started-at="2016-02-12T21:35:03Z" finished-at="2016-02-12T21:35:03Z">
          <reporter-output>
          </reporter-output>
        </test-method> <!-- storeDataTest -->
      </class> <!-- org.codingchallenge.AppTest -->
    </test> <!-- Default test -->
  </suite> <!-- Default suite -->
</testng-results>
