<?xml version="1.0" encoding="UTF-8"?>
<!-- Generated by org.testng.reporters.JUnitXMLReporter -->
<testsuite hostname="Mohameds-MacBook-Pro.local" name="Default test" tests="3" failures="0" timestamp="12 Feb 2016 21:56:11 GMT" time="0.044" errors="0">
  <testcase name="getFollowTest" time="0.018" classname="org.codingchallenge.AppTest"/>
  <testcase name="getSongsListenedTest" time="0.001" classname="org.codingchallenge.AppTest"/>
  <testcase name="storeDataTest" time="0.001" classname="org.codingchallenge.AppTest"/>
</testsuite> <!-- Default test -->
