<?xml version="1.0" encoding="UTF-8"?>
<testng-results skipped="0" failed="0" total="3" passed="3">
  <reporter-output>
  </reporter-output>
  <suite name="org.codingchallenge.AppTest" duration-ms="31" started-at="2016-02-12T21:56:30Z" finished-at="2016-02-12T21:56:30Z">
    <groups>
    </groups>
    <test name="Command line test" duration-ms="31" started-at="2016-02-12T21:56:30Z" finished-at="2016-02-12T21:56:30Z">
      <class name="org.codingchallenge.AppTest">
        <test-method status="PASS" signature="getFollowTest()[pri:0, instance:org.codingchallenge.AppTest@57bf5ee7]" name="getFollowTest" duration-ms="11" started-at="2016-02-12T21:56:30Z" finished-at="2016-02-12T21:56:30Z">
          <reporter-output>
          </reporter-output>
        </test-method> <!-- getFollowTest -->
        <test-method status="PASS" signature="getSongsListenedTest()[pri:0, instance:org.codingchallenge.AppTest@57bf5ee7]" name="getSongsListenedTest" duration-ms="0" started-at="2016-02-12T21:56:30Z" finished-at="2016-02-12T21:56:30Z">
          <reporter-output>
          </reporter-output>
        </test-method> <!-- getSongsListenedTest -->
        <test-method status="PASS" signature="storeDataTest()[pri:0, instance:org.codingchallenge.AppTest@57bf5ee7]" name="storeDataTest" duration-ms="0" started-at="2016-02-12T21:56:30Z" finished-at="2016-02-12T21:56:30Z">
          <reporter-output>
          </reporter-output>
        </test-method> <!-- storeDataTest -->
      </class> <!-- org.codingchallenge.AppTest -->
    </test> <!-- Command line test -->
  </suite> <!-- org.codingchallenge.AppTest -->
</testng-results>
