<?xml version="1.0" encoding="UTF-8"?>
<!-- Generated by org.testng.reporters.JUnitXMLReporter -->
<testsuite hostname="Mohameds-MacBook-Pro.local" name="Command line test" tests="3" failures="0" timestamp="12 Feb 2016 21:56:30 GMT" time="0.031" errors="0">
  <testcase name="getFollowTest" time="0.011" classname="org.codingchallenge.AppTest"/>
  <testcase name="getSongsListenedTest" time="0.0" classname="org.codingchallenge.AppTest"/>
  <testcase name="storeDataTest" time="0.0" classname="org.codingchallenge.AppTest"/>
</testsuite> <!-- Command line test -->
